f:\users\grapecauliflower\documents\gd4classcode\gd4classcode\debug\vc141.pdb
c:\users\peter\desktop\gd4classcode\gd4classcode\debug\vc140.pdb
c:\users\peter\desktop\gd4classcode\gd4classcode\debug\vc140.idb
c:\users\peter\desktop\gd4classcode\gd4classcode\debug\multiplayergamestate.obj
c:\users\peter\desktop\gd4classcode\gd4classcode\debug\musicplayer.obj
c:\users\peter\desktop\gd4classcode\gd4classcode\debug\networknode.obj
c:\users\peter\desktop\gd4classcode\gd4classcode\debug\particlenode.obj
c:\users\peter\desktop\gd4classcode\gd4classcode\debug\pausestate.obj
c:\users\peter\desktop\gd4classcode\gd4classcode\debug\pickup.obj
c:\users\peter\desktop\gd4classcode\gd4classcode\debug\player.obj
c:\users\peter\desktop\gd4classcode\gd4classcode\debug\posteffect.obj
c:\users\peter\desktop\gd4classcode\gd4classcode\debug\projectile.obj
c:\users\peter\desktop\gd4classcode\gd4classcode\debug\scenenode.obj
c:\users\peter\desktop\gd4classcode\gd4classcode\debug\settingsstate.obj
c:\users\peter\desktop\gd4classcode\gd4classcode\debug\soundnode.obj
c:\users\peter\desktop\gd4classcode\gd4classcode\debug\soundplayer.obj
c:\users\peter\desktop\gd4classcode\gd4classcode\debug\spritenode.obj
c:\users\peter\desktop\gd4classcode\gd4classcode\debug\state.obj
c:\users\peter\desktop\gd4classcode\gd4classcode\debug\statestack.obj
c:\users\peter\desktop\gd4classcode\gd4classcode\debug\textnode.obj
c:\users\peter\desktop\gd4classcode\gd4classcode\debug\titlestate.obj
c:\users\peter\desktop\gd4classcode\gd4classcode\debug\utility.obj
c:\users\peter\desktop\gd4classcode\gd4classcode\debug\world.obj
c:\users\peter\desktop\gd4classcode\gd4classcode\debug\aircraft.obj
c:\users\peter\desktop\gd4classcode\gd4classcode\debug\animation.obj
c:\users\peter\desktop\gd4classcode\gd4classcode\debug\application.obj
c:\users\peter\desktop\gd4classcode\gd4classcode\debug\bloomeffect.obj
c:\users\peter\desktop\gd4classcode\gd4classcode\debug\button.obj
c:\users\peter\desktop\gd4classcode\gd4classcode\debug\command.obj
c:\users\peter\desktop\gd4classcode\gd4classcode\debug\commandqueue.obj
c:\users\peter\desktop\gd4classcode\gd4classcode\debug\component.obj
c:\users\peter\desktop\gd4classcode\gd4classcode\debug\container.obj
c:\users\peter\desktop\gd4classcode\gd4classcode\debug\datatables.obj
c:\users\peter\desktop\gd4classcode\gd4classcode\debug\emitternode.obj
c:\users\peter\desktop\gd4classcode\gd4classcode\debug\entity.obj
c:\users\peter\desktop\gd4classcode\gd4classcode\debug\gameoverstate.obj
c:\users\peter\desktop\gd4classcode\gd4classcode\debug\gameserver.obj
c:\users\peter\desktop\gd4classcode\gd4classcode\debug\gamestate.obj
c:\users\peter\desktop\gd4classcode\gd4classcode\debug\keybinding.obj
c:\users\peter\desktop\gd4classcode\gd4classcode\debug\label.obj
c:\users\peter\desktop\gd4classcode\gd4classcode\debug\main.obj
c:\users\peter\desktop\gd4classcode\gd4classcode\debug\menustate.obj
f:\users\grapecauliflower\documents\gd4classcode\debug\gd4classcode.exe
f:\users\grapecauliflower\documents\gd4classcode\debug\gd4classcode.ilk
f:\users\grapecauliflower\documents\gd4classcode\debug\gd4classcode.pdb
c:\users\peter\desktop\gd4classcode\debug\gd4classcode.ilk
c:\users\peter\desktop\gd4classcode\debug\gd4classcode.exe
c:\users\peter\desktop\gd4classcode\debug\gd4classcode.pdb
c:\users\peter\desktop\gd4classcode\gd4classcode\debug\vc141.idb
c:\users\peter\desktop\gd4classcode\gd4classcode\debug\vc141.pdb
c:\users\peter\desktop\gd4classcode\gd4classcode\debug\gd4classcode.tlog\cl.command.1.tlog
c:\users\peter\desktop\gd4classcode\gd4classcode\debug\gd4classcode.tlog\cl.read.1.tlog
c:\users\peter\desktop\gd4classcode\gd4classcode\debug\gd4classcode.tlog\cl.write.1.tlog
c:\users\peter\desktop\gd4classcode\gd4classcode\debug\gd4classcode.tlog\link.244-cvtres.read.1.tlog
c:\users\peter\desktop\gd4classcode\gd4classcode\debug\gd4classcode.tlog\link.244-cvtres.write.1.tlog
c:\users\peter\desktop\gd4classcode\gd4classcode\debug\gd4classcode.tlog\link.244-rc.read.1.tlog
c:\users\peter\desktop\gd4classcode\gd4classcode\debug\gd4classcode.tlog\link.244-rc.write.1.tlog
c:\users\peter\desktop\gd4classcode\gd4classcode\debug\gd4classcode.tlog\link.244.read.1.tlog
c:\users\peter\desktop\gd4classcode\gd4classcode\debug\gd4classcode.tlog\link.244.write.1.tlog
c:\users\peter\desktop\gd4classcode\gd4classcode\debug\gd4classcode.tlog\link.command.1.tlog
c:\users\peter\desktop\gd4classcode\gd4classcode\debug\gd4classcode.tlog\link.read.1.tlog
c:\users\peter\desktop\gd4classcode\gd4classcode\debug\gd4classcode.tlog\link.write.1.tlog
